{
  "RSpec": {
    "coverage": {
      "/app/app/layers/application/customer/customer_application.rb": {
        "lines": [
          1,
          1,
          1,
          1,
          22,
          22,
          null,
          null,
          1,
          1,
          null,
          null,
          1,
          2,
          null,
          null,
          1,
          2,
          null,
          2,
          2,
          null,
          1,
          null,
          null,
          null,
          1,
          2,
          null,
          1,
          1,
          null,
          null,
          null,
          1,
          2,
          null,
          2,
          2,
          null,
          1,
          null,
          null,
          null,
          1,
          2,
          1,
          null,
          1,
          1,
          1,
          null,
          null,
          null,
          null,
          null
        ]
      },
      "/app/app/layers/application/customer/vehicle_application.rb": {
        "lines": [
          1,
          1,
          1,
          1,
          18,
          null,
          null,
          1,
          1,
          null,
          null,
          1,
          2,
          null,
          null,
          1,
          2,
          null,
          2,
          2,
          null,
          1,
          null,
          null,
          null,
          1,
          2,
          null,
          1,
          1,
          null,
          null,
          null,
          1,
          2,
          null,
          2,
          2,
          null,
          1,
          null,
          null,
          null,
          null,
          null
        ]
      },
      "/app/app/layers/application/service_order/budget_application.rb": {
        "lines": [
          1,
          1,
          1,
          1,
          20,
          20,
          null,
          null,
          1,
          2,
          null,
          null,
          1,
          2,
          null,
          null,
          1,
          2,
          null,
          1,
          1,
          null,
          null,
          1,
          null,
          null,
          1,
          2,
          null,
          1,
          1,
          null,
          null,
          1,
          null,
          null,
          1,
          1,
          null,
          1,
          null,
          null,
          null,
          null,
          1,
          1,
          1,
          1,
          null,
          null,
          null,
          1,
          null,
          1,
          1,
          null,
          null,
          null,
          1,
          null,
          null,
          1,
          1,
          null,
          null,
          null,
          1,
          null,
          null,
          null,
          null
        ]
      },
      "/app/app/layers/application/service_order/metric_application.rb": {
        "lines": [
          1,
          1,
          1,
          1,
          6,
          null,
          null,
          1,
          1,
          null,
          null,
          1,
          1,
          1,
          null,
          1,
          1,
          1,
          null,
          null,
          null,
          null,
          null
        ]
      },
      "/app/app/layers/application/service_order/service_order_application.rb": {
        "lines": [
          1,
          1,
          1,
          1,
          42,
          null,
          null,
          1,
          2,
          null,
          null,
          1,
          3,
          null,
          null,
          1,
          3,
          null,
          2,
          2,
          null,
          null,
          2,
          null,
          null,
          1,
          3,
          null,
          2,
          2,
          null,
          null,
          2,
          null,
          2,
          null,
          null,
          1,
          3,
          3,
          null,
          null,
          null,
          3,
          null,
          2,
          2,
          2,
          null,
          null,
          null,
          1,
          3,
          3,
          null,
          3,
          4,
          null,
          null,
          3,
          null,
          2,
          null,
          3,
          4,
          null,
          null,
          null,
          2,
          2,
          2,
          null,
          2,
          null,
          null,
          null,
          1,
          2,
          null,
          2,
          2,
          null,
          null,
          null,
          null,
          null,
          null,
          1,
          2,
          null,
          2,
          2,
          null,
          2,
          null,
          null,
          null,
          null,
          null,
          null,
          1,
          3,
          null,
          3,
          null,
          2,
          2,
          null,
          null,
          null,
          null,
          null,
          2,
          null,
          null,
          1,
          3,
          null,
          3,
          null,
          2,
          2,
          null,
          null,
          null,
          null,
          null,
          2,
          null,
          2,
          null,
          null,
          1,
          null,
          1,
          2,
          null,
          null,
          null,
          2,
          null,
          null,
          1,
          2,
          1,
          null,
          null,
          null,
          null,
          1,
          null,
          null,
          null,
          1,
          2,
          3,
          null,
          null,
          null,
          null,
          3,
          null,
          null,
          null,
          1,
          2,
          null,
          null,
          null,
          null,
          2,
          null,
          null,
          null,
          null
        ]
      },
      "/app/app/layers/application/service_order_item/auto_part_application.rb": {
        "lines": [
          1,
          1,
          1,
          1,
          36,
          null,
          null,
          1,
          1,
          null,
          null,
          1,
          2,
          null,
          null,
          1,
          2,
          null,
          2,
          2,
          2,
          null,
          2,
          null,
          null,
          null,
          1,
          4,
          null,
          4,
          4,
          4,
          null,
          4,
          null,
          null,
          null,
          1,
          2,
          null,
          2,
          2,
          null,
          1,
          null,
          null,
          null,
          1,
          2,
          null,
          1,
          1,
          null,
          null,
          null,
          1,
          2,
          null,
          2,
          2,
          null,
          1,
          null,
          null,
          null,
          1,
          3,
          null,
          null,
          null,
          null
        ]
      },
      "/app/app/layers/application/service_order_item/service_application.rb": {
        "lines": [
          1,
          1,
          1,
          1,
          24,
          null,
          null,
          1,
          1,
          null,
          null,
          1,
          2,
          null,
          null,
          1,
          2,
          null,
          2,
          2,
          null,
          1,
          null,
          null,
          null,
          1,
          2,
          null,
          1,
          1,
          null,
          null,
          null,
          1,
          2,
          null,
          2,
          2,
          null,
          1,
          null,
          null,
          null,
          1,
          3,
          null,
          null,
          null,
          null
        ]
      },
      "/app/app/layers/domain/customer/customer.rb": {
        "lines": [
          1,
          null,
          1,
          1,
          1,
          1,
          1,
          1,
          null,
          1,
          1,
          1,
          null,
          1,
          1,
          0,
          null,
          null,
          1,
          null,
          null,
          1,
          null,
          1,
          1,
          null,
          null,
          1,
          87,
          null,
          87,
          86,
          1,
          0,
          null,
          1,
          null,
          null,
          87,
          null,
          null,
          null,
          null
        ]
      },
      "/app/app/layers/infra/models/application_record.rb": {
        "lines": [
          1,
          1,
          1,
          1,
          null,
          null,
          null
        ]
      },
      "/app/app/layers/domain/customer/vehicle.rb": {
        "lines": [
          1,
          1,
          1,
          1,
          1,
          null,
          1,
          1,
          null,
          1,
          null,
          1,
          46,
          null,
          44,
          null,
          44,
          0,
          null,
          null,
          null,
          null,
          null
        ]
      },
      "/app/app/layers/domain/service_order/budget.rb": {
        "lines": [
          1,
          1,
          1,
          1,
          null,
          1,
          null,
          null,
          null,
          null,
          null,
          1,
          1,
          1,
          null,
          1,
          1,
          null,
          null,
          null,
          null
        ]
      },
      "/app/app/layers/domain/service_order/metric.rb": {
        "lines": [
          1,
          1,
          1,
          1,
          1,
          null,
          1,
          1,
          1,
          null,
          1,
          0,
          null,
          1,
          null,
          1,
          null,
          null,
          1,
          null,
          null,
          null,
          null,
          null,
          1,
          3,
          null,
          null,
          1,
          3,
          null,
          null,
          null,
          null,
          null,
          null
        ]
      },
      "/app/app/layers/domain/service_order/service_order.rb": {
        "lines": [
          1,
          1,
          1,
          1,
          1,
          null,
          1,
          null,
          1,
          null,
          1,
          null,
          null,
          1,
          null,
          null,
          null,
          1,
          null,
          null,
          null,
          null,
          null,
          null,
          null,
          null,
          null,
          null,
          1,
          null,
          1,
          2,
          6,
          0,
          null,
          null,
          4,
          null,
          null,
          null,
          null,
          null,
          null,
          null,
          1,
          2,
          4,
          0,
          null,
          null,
          3,
          null,
          null,
          null,
          null,
          null,
          null,
          null,
          null,
          null
        ]
      },
      "/app/app/layers/domain/service_order/user.rb": {
        "lines": [
          1,
          1,
          1,
          1,
          null,
          null,
          null
        ]
      },
      "/app/app/layers/domain/service_order_item/auto_part.rb": {
        "lines": [
          1,
          1,
          1,
          1,
          null,
          1,
          null,
          1,
          1,
          1,
          null,
          1,
          2,
          null,
          null,
          1,
          4,
          0,
          null,
          null,
          4,
          null,
          null,
          null,
          null
        ]
      },
      "/app/app/layers/domain/service_order_item/service.rb": {
        "lines": [
          1,
          1,
          1,
          1,
          null,
          1,
          null,
          1,
          1,
          null,
          null,
          null
        ]
      },
      "/app/app/layers/domain/service_order_item/service_order_item.rb": {
        "lines": [
          1,
          1,
          1,
          1,
          1,
          null,
          1,
          null,
          6,
          5,
          null,
          1,
          0,
          null,
          null,
          null,
          null
        ]
      },
      "/app/app/layers/infra/jobs/application_job.rb": {
        "lines": [
          1,
          1,
          1,
          null,
          null,
          null,
          null,
          null,
          null,
          null,
          null
        ]
      },
      "/app/app/layers/infra/query_objects/auto_parts_query.rb": {
        "lines": [
          1,
          1,
          1,
          1,
          1,
          3,
          null,
          null,
          null,
          null,
          null
        ]
      },
      "/app/app/layers/infra/query_objects/budgets_query.rb": {
        "lines": [
          1,
          1,
          1,
          1,
          1,
          2,
          null,
          2,
          null,
          1,
          1,
          null,
          1,
          null,
          1,
          null,
          null,
          null,
          null,
          null,
          1,
          null,
          null,
          null,
          null,
          null
        ]
      },
      "/app/app/layers/infra/query_objects/customers_query.rb": {
        "lines": [
          1,
          1,
          1,
          1,
          null,
          null,
          null,
          null
        ]
      },
      "/app/app/layers/infra/query_objects/service_orders_query.rb": {
        "lines": [
          1,
          1,
          1,
          1,
          1,
          2,
          null,
          2,
          null,
          1,
          1,
          null,
          1,
          null,
          1,
          null,
          0,
          null,
          0,
          null,
          null,
          null,
          1,
          null,
          null,
          null,
          null,
          null
        ]
      },
      "/app/app/layers/infra/query_objects/services_query.rb": {
        "lines": [
          1,
          1,
          1,
          1,
          1,
          3,
          null,
          null,
          null,
          null,
          null
        ]
      },
      "/app/app/layers/infra/query_objects/vehicles_query.rb": {
        "lines": [
          1,
          1,
          1,
          1,
          null,
          null,
          null,
          null
        ]
      },
      "/app/app/layers/infra/repositories/auto_part_repository.rb": {
        "lines": [
          1,
          1,
          1,
          1,
          36,
          null,
          null,
          1,
          8,
          null,
          null,
          1,
          1,
          null,
          null,
          1,
          2,
          null,
          null,
          1,
          12,
          null,
          null,
          1,
          1,
          null,
          null,
          null,
          null
        ]
      },
      "/app/app/layers/infra/repositories/budget_repository.rb": {
        "lines": [
          1,
          1,
          1,
          1,
          20,
          null,
          null,
          1,
          1,
          null,
          null,
          1,
          0,
          null,
          null,
          1,
          2,
          null,
          null,
          1,
          6,
          null,
          null,
          1,
          0,
          null,
          null,
          null,
          null
        ]
      },
      "/app/app/layers/infra/repositories/customer_repository.rb": {
        "lines": [
          1,
          1,
          1,
          1,
          22,
          null,
          null,
          1,
          3,
          null,
          null,
          1,
          1,
          null,
          null,
          1,
          2,
          null,
          null,
          1,
          4,
          null,
          null,
          1,
          4,
          null,
          null,
          1,
          1,
          null,
          null,
          null,
          null
        ]
      },
      "/app/app/layers/infra/repositories/metric_repository.rb": {
        "lines": [
          1,
          1,
          1,
          1,
          8,
          null,
          null,
          1,
          1,
          null,
          null,
          1,
          1,
          null,
          null,
          null,
          null
        ]
      },
      "/app/app/layers/infra/repositories/service_order_repository.rb": {
        "lines": [
          1,
          1,
          1,
          1,
          74,
          null,
          null,
          1,
          4,
          null,
          null,
          1,
          0,
          null,
          null,
          1,
          26,
          null,
          null,
          1,
          12,
          null,
          null,
          null,
          null
        ]
      },
      "/app/app/layers/infra/repositories/service_repository.rb": {
        "lines": [
          1,
          1,
          1,
          1,
          24,
          null,
          null,
          1,
          2,
          null,
          null,
          1,
          1,
          null,
          null,
          1,
          2,
          null,
          null,
          1,
          6,
          null,
          null,
          1,
          1,
          null,
          null,
          null,
          null
        ]
      },
      "/app/app/layers/infra/repositories/vehicle_repository.rb": {
        "lines": [
          1,
          1,
          1,
          1,
          40,
          null,
          null,
          1,
          2,
          null,
          null,
          1,
          1,
          null,
          null,
          1,
          2,
          null,
          null,
          1,
          3,
          null,
          null,
          1,
          4,
          null,
          null,
          1,
          1,
          null,
          null,
          null,
          null
        ]
      },
      "/app/app/layers/web/controllers/application_controller.rb": {
        "lines": [
          null,
          null,
          1,
          1,
          1,
          1,
          8,
          null,
          null,
          1,
          15,
          null,
          null,
          1,
          0,
          null,
          null,
          1,
          0,
          null,
          null,
          1,
          2,
          null,
          null,
          null,
          null
        ]
      },
      "/app/lib/exceptions/customer_exception.rb": {
        "lines": [
          1,
          1,
          null,
          null
        ]
      },
      "/app/lib/exceptions/auto_part_exception.rb": {
        "lines": [
          1,
          1,
          null,
          null
        ]
      },
      "/app/lib/exceptions/service_order_exception.rb": {
        "lines": [
          1,
          1,
          null,
          null
        ]
      },
      "/app/app/layers/web/controllers/auth_controller.rb": {
        "lines": [
          null,
          null,
          1,
          1,
          1,
          1,
          null,
          1,
          null,
          1,
          2,
          null,
          2,
          1,
          1,
          null,
          1,
          null,
          null,
          null,
          1,
          null,
          1,
          null,
          1,
          1,
          1,
          null,
          null,
          null,
          null
        ]
      },
      "/app/app/layers/web/controllers/concerns/authenticable.rb": {
        "lines": [
          1,
          1,
          1,
          1,
          1,
          null,
          1,
          null,
          1,
          1,
          null,
          null,
          1,
          null,
          1,
          62,
          62,
          62,
          62,
          null,
          0,
          null,
          null,
          1,
          62,
          62,
          null,
          null,
          1,
          null,
          null,
          null,
          null
        ]
      },
      "/app/app/layers/web/controllers/auto_parts_controller.rb": {
        "lines": [
          1,
          1,
          1,
          1,
          1,
          null,
          1,
          1,
          null,
          null,
          1,
          2,
          null,
          null,
          1,
          2,
          null,
          null,
          null,
          1,
          null,
          null,
          1,
          2,
          2,
          null,
          1,
          null,
          null,
          1,
          1,
          null,
          1,
          null,
          null,
          1,
          1,
          null,
          1,
          null,
          null,
          1,
          2,
          null,
          2,
          null,
          1,
          null,
          null,
          1,
          null,
          1,
          2,
          null,
          null,
          null,
          null,
          null,
          1,
          12,
          null,
          null,
          1,
          2,
          null,
          null,
          null,
          null
        ]
      },
      "/app/app/layers/web/controllers/budgets_controller.rb": {
        "lines": [
          1,
          1,
          1,
          1,
          2,
          null,
          null,
          1,
          2,
          null,
          null,
          1,
          2,
          null,
          2,
          null,
          1,
          null,
          null,
          1,
          2,
          null,
          2,
          null,
          1,
          null,
          null,
          1,
          null,
          1,
          2,
          null,
          null,
          1,
          8,
          null,
          null,
          null,
          null
        ]
      },
      "/app/app/layers/web/controllers/customers_controller.rb": {
        "lines": [
          1,
          1,
          1,
          1,
          1,
          null,
          1,
          1,
          null,
          null,
          1,
          2,
          null,
          1,
          null,
          null,
          1,
          2,
          null,
          null,
          null,
          1,
          null,
          null,
          1,
          2,
          2,
          null,
          1,
          null,
          null,
          1,
          2,
          null,
          2,
          null,
          1,
          null,
          null,
          1,
          2,
          null,
          null,
          null,
          null,
          2,
          null,
          1,
          null,
          null,
          1,
          null,
          1,
          12,
          null,
          null,
          1,
          10,
          null,
          null,
          null,
          null
        ]
      },
      "/app/app/layers/web/controllers/metrics_controller.rb": {
        "lines": [
          1,
          1,
          1,
          1,
          1,
          null,
          null,
          null,
          null
        ]
      },
      "/app/app/layers/web/controllers/service_orders_controller.rb": {
        "lines": [
          1,
          1,
          1,
          1,
          1,
          null,
          null,
          1,
          2,
          null,
          1,
          null,
          null,
          1,
          2,
          null,
          null,
          null,
          2,
          null,
          1,
          null,
          null,
          1,
          2,
          null,
          null,
          null,
          2,
          null,
          1,
          null,
          null,
          1,
          2,
          null,
          null,
          null,
          null,
          2,
          null,
          1,
          null,
          null,
          1,
          2,
          null,
          null,
          null,
          null,
          2,
          null,
          1,
          null,
          null,
          1,
          1,
          null,
          null,
          null,
          1,
          null,
          1,
          null,
          null,
          1,
          1,
          null,
          null,
          null,
          1,
          null,
          1,
          null,
          null,
          1,
          null,
          1,
          1,
          null,
          null,
          1,
          15,
          null,
          null,
          null,
          null,
          null,
          null,
          null,
          null,
          null,
          null
        ]
      },
      "/app/app/layers/web/controllers/services_controller.rb": {
        "lines": [
          1,
          1,
          1,
          1,
          1,
          null,
          null,
          1,
          2,
          null,
          null,
          1,
          2,
          null,
          null,
          null,
          1,
          null,
          null,
          1,
          2,
          2,
          null,
          1,
          null,
          null,
          1,
          2,
          null,
          2,
          null,
          1,
          null,
          null,
          1,
          null,
          1,
          8,
          null,
          null,
          null,
          null
        ]
      },
      "/app/app/layers/web/controllers/vehicles_controller.rb": {
        "lines": [
          1,
          1,
          1,
          1,
          1,
          null,
          null,
          1,
          2,
          null,
          null,
          null,
          1,
          null,
          null,
          1,
          2,
          null,
          null,
          null,
          1,
          null,
          null,
          1,
          2,
          2,
          null,
          1,
          null,
          null,
          1,
          2,
          null,
          2,
          null,
          1,
          null,
          null,
          1,
          null,
          1,
          8,
          null,
          null,
          null,
          null
        ]
      },
      "/app/app/layers/application/customer/commands/add_vehicle_command.rb": {
        "lines": [
          1,
          1,
          1,
          1,
          1,
          null,
          1,
          2,
          2,
          null,
          null,
          null,
          null,
          null
        ]
      },
      "/app/app/layers/application/customer/commands/create_customer_command.rb": {
        "lines": [
          1,
          1,
          1,
          1,
          1,
          null,
          1,
          2,
          null,
          null,
          null,
          null,
          null
        ]
      },
      "/app/app/layers/application/customer/commands/create_vehicle_command.rb": {
        "lines": [
          1,
          1,
          1,
          1,
          1,
          null,
          1,
          2,
          null,
          null,
          null,
          null,
          null
        ]
      },
      "/app/app/layers/application/customer/commands/delete_customer_command.rb": {
        "lines": [
          1,
          1,
          1,
          1,
          1,
          null,
          1,
          2,
          null,
          null,
          null,
          null,
          null
        ]
      },
      "/app/app/layers/application/customer/commands/delete_vehicle_command.rb": {
        "lines": [
          1,
          1,
          1,
          1,
          1,
          null,
          1,
          2,
          null,
          null,
          null,
          null,
          null
        ]
      },
      "/app/app/layers/application/customer/commands/update_customer_command.rb": {
        "lines": [
          1,
          1,
          1,
          1,
          1,
          null,
          1,
          2,
          null,
          null,
          null,
          null,
          null
        ]
      },
      "/app/app/layers/application/customer/commands/update_vehicle_command.rb": {
        "lines": [
          1,
          1,
          1,
          1,
          1,
          null,
          1,
          2,
          null,
          null,
          null,
          null,
          null
        ]
      },
      "/app/app/layers/application/service_order/commands/add_auto_parts_command.rb": {
        "lines": [
          1,
          1,
          1,
          1,
          1,
          null,
          1,
          3,
          3,
          null,
          null,
          null,
          null,
          null
        ]
      },
      "/app/app/layers/application/service_order/commands/add_services_command.rb": {
        "lines": [
          1,
          1,
          1,
          1,
          1,
          null,
          1,
          3,
          3,
          null,
          null,
          null,
          null,
          null
        ]
      },
      "/app/app/layers/application/service_order/commands/approve_budget_command.rb": {
        "lines": [
          1,
          1,
          1,
          1,
          1,
          null,
          1,
          2,
          null,
          null,
          null,
          null,
          null
        ]
      },
      "/app/app/layers/application/service_order/commands/approve_service_order_command.rb": {
        "lines": [
          1,
          1,
          1,
          1,
          1,
          null,
          1,
          2,
          null,
          null,
          null,
          null,
          null
        ]
      },
      "/app/app/layers/application/service_order/commands/cancel_service_order_command.rb": {
        "lines": [
          1,
          1,
          1,
          1,
          1,
          null,
          1,
          2,
          null,
          null,
          null,
          null,
          null
        ]
      },
      "/app/app/layers/application/service_order/commands/create_budget_command.rb": {
        "lines": [
          1,
          1,
          1,
          1,
          1,
          null,
          1,
          2,
          null,
          null,
          null,
          null,
          null
        ]
      },
      "/app/app/layers/application/service_order/commands/finish_service_order_command.rb": {
        "lines": [
          1,
          1,
          1,
          1,
          1,
          null,
          1,
          3,
          null,
          null,
          null,
          null,
          null
        ]
      },
      "/app/app/layers/application/service_order/commands/reject_budget_command.rb": {
        "lines": [
          1,
          1,
          1,
          1,
          1,
          null,
          1,
          2,
          null,
          null,
          null,
          null,
          null
        ]
      },
      "/app/app/layers/application/service_order/commands/send_to_approval_command.rb": {
        "lines": [
          1,
          1,
          1,
          1,
          1,
          null,
          1,
          3,
          null,
          null,
          null,
          null,
          null
        ]
      },
      "/app/app/layers/application/service_order/commands/send_to_diagnosis_command.rb": {
        "lines": [
          1,
          1,
          1,
          1,
          1,
          null,
          1,
          3,
          null,
          null,
          null,
          null,
          null
        ]
      },
      "/app/app/layers/application/service_order/commands/start_service_order_command.rb": {
        "lines": [
          1,
          1,
          1,
          1,
          1,
          null,
          1,
          3,
          null,
          null,
          null,
          null,
          null
        ]
      },
      "/app/app/layers/application/service_order/commands/update_metric_command.rb": {
        "lines": [
          1,
          1,
          1,
          1,
          1,
          null,
          1,
          2,
          2,
          null,
          null,
          null,
          null,
          null
        ]
      },
      "/app/app/layers/application/service_order_item/commands/create_auto_part_command.rb": {
        "lines": [
          1,
          1,
          1,
          1,
          1,
          null,
          1,
          2,
          null,
          null,
          null,
          null,
          null
        ]
      },
      "/app/app/layers/application/service_order_item/commands/create_service_command.rb": {
        "lines": [
          1,
          1,
          1,
          1,
          1,
          null,
          1,
          2,
          null,
          null,
          null,
          null,
          null
        ]
      },
      "/app/app/layers/application/service_order_item/commands/delete_auto_part_command.rb": {
        "lines": [
          1,
          1,
          1,
          1,
          1,
          null,
          1,
          2,
          null,
          null,
          null,
          null,
          null
        ]
      },
      "/app/app/layers/application/service_order_item/commands/delete_service_command.rb": {
        "lines": [
          1,
          1,
          1,
          1,
          1,
          null,
          1,
          2,
          null,
          null,
          null,
          null,
          null
        ]
      },
      "/app/app/layers/application/service_order_item/commands/stock_control_command.rb": {
        "lines": [
          1,
          1,
          1,
          1,
          1,
          null,
          1,
          6,
          6,
          null,
          null,
          null,
          null,
          null
        ]
      },
      "/app/app/layers/application/service_order_item/commands/update_auto_part_command.rb": {
        "lines": [
          1,
          1,
          1,
          1,
          1,
          null,
          1,
          2,
          null,
          null,
          null,
          null,
          null
        ]
      },
      "/app/app/layers/application/service_order_item/commands/update_service_command.rb": {
        "lines": [
          1,
          1,
          1,
          1,
          1,
          null,
          1,
          2,
          null,
          null,
          null,
          null,
          null
        ]
      },
      "/app/app/mailers/application_mailer.rb": {
        "lines": [
          1,
          1,
          1,
          null
        ]
      }
    },
    "timestamp": 1754888040
  }
}
